Using pre-set license
Built from '2020.3/release' branch; Version is '2020.3.1f1 (77a89f25062f) revision 7841951'; Using compiler version '192528614'; Build Type 'Release'
OS: 'Windows 10 Home; OS build 19042.985; Version 2009; 64bit' Language: 'es' Physical Memory: 8105 MB
BatchMode: 1, IsHumanControllingUs: 0, StartBugReporterOnCrash: 0, Is64bit: 1, IsPro: 0

 COMMAND LINE ARGUMENTS:
C:\Program Files\Unity\Hub\Editor\2020.3.1f1\Editor\Unity.exe
-adb2
-batchMode
-noUpm
-name
AssetImportWorker0
-projectPath
C:/UnityProjectsUni/DungeonCrawler/DungeonCrawler-ClientSide
-logFile
Logs/AssetImportWorker0.log
-srvPort
53937
Successfully changed project path to: C:/UnityProjectsUni/DungeonCrawler/DungeonCrawler-ClientSide
C:/UnityProjectsUni/DungeonCrawler/DungeonCrawler-ClientSide
Using Asset Import Pipeline V2.
Refreshing native plugins compatible for Editor in 43.93 ms, found 1 plugins.
Preloading 0 native plugins for Editor in 0.00 ms.
Initialize engine version: 2020.3.1f1 (77a89f25062f)
[Subsystems] Discovering subsystems at path C:/Program Files/Unity/Hub/Editor/2020.3.1f1/Editor/Data/Resources/UnitySubsystems
[Subsystems] Discovering subsystems at path C:/UnityProjectsUni/DungeonCrawler/DungeonCrawler-ClientSide/Assets
GfxDevice: creating device client; threaded=0
Direct3D:
    Version:  Direct3D 11.0 [level 11.0]
    Renderer: NVIDIA GeForce GTX 760 (ID=0x1187)
    Vendor:   
    VRAM:     2007 MB
    Driver:   27.21.14.6589
Initialize mono
Mono path[0] = 'C:/Program Files/Unity/Hub/Editor/2020.3.1f1/Editor/Data/Managed'
Mono path[1] = 'C:/Program Files/Unity/Hub/Editor/2020.3.1f1/Editor/Data/MonoBleedingEdge/lib/mono/unityjit'
Mono config path = 'C:/Program Files/Unity/Hub/Editor/2020.3.1f1/Editor/Data/MonoBleedingEdge/etc'
Using monoOptions --debugger-agent=transport=dt_socket,embedding=1,server=y,suspend=n,address=127.0.0.1:56016
Begin MonoManager ReloadAssembly
Registering precompiled unity dll's ...
Register platform support module: C:/Program Files/Unity/Hub/Editor/2020.3.1f1/Editor/Data/PlaybackEngines/WindowsStandaloneSupport/UnityEditor.WindowsStandalone.Extensions.dll
Registered in 0.002194 seconds.
Native extension for WindowsStandalone target not found
Refreshing native plugins compatible for Editor in 44.68 ms, found 1 plugins.
Preloading 0 native plugins for Editor in 0.00 ms.
Invoked RoslynAnalysisRunner static constructor.
RoslynAnalysisRunner will not be running.
RoslynAnalysisRunner has terminated.
Mono: successfully reloaded assembly
- Completed reload, in  1.569 seconds
Platform modules already initialized, skipping
Registering precompiled user dll's ...
Registered in 0.000983 seconds.
Begin MonoManager ReloadAssembly
Native extension for WindowsStandalone target not found
Refreshing native plugins compatible for Editor in 39.87 ms, found 1 plugins.
Preloading 0 native plugins for Editor in 0.00 ms.
Invoked RoslynAnalysisRunner static constructor.
RoslynAnalysisRunner will not be running.
RoslynAnalysisRunner has terminated.
Mono: successfully reloaded assembly
- Completed reload, in  1.110 seconds
Platform modules already initialized, skipping
========================================================================
Worker process is ready to serve import requests
Launched and connected shader compiler UnityShaderCompiler.exe after 0.05 seconds
Refreshing native plugins compatible for Editor in 0.40 ms, found 1 plugins.
Preloading 0 native plugins for Editor in 0.00 ms.
Unloading 1839 Unused Serialized files (Serialized files now loaded: 0)
System memory in use before: 87.1 MB.
System memory in use after: 87.2 MB.

Unloading 19 unused Assets to reduce memory usage. Loaded Objects now: 2288.
Total: 2.263100 ms (FindLiveObjects: 0.229900 ms CreateObjectMapping: 0.133300 ms MarkObjects: 1.794400 ms  DeleteObjects: 0.104400 ms)

========================================================================
Received Import Request.
  path: Assets/Scenes/MainMenu.unity
  artifactKey: Guid(2cda990e2423bbf4892e6590ba056729) Importer(815301076,1909f56bfc062723c751e8b465ee728b)
Start importing Assets/Scenes/MainMenu.unity using Guid(2cda990e2423bbf4892e6590ba056729) Importer(815301076,1909f56bfc062723c751e8b465ee728b)  -> (artifact id: 'ea7cd51ab2a691ac12a1549f42b617c4') in 0.032107 seconds
  Import took 0.035530 seconds .

========================================================================
Received Import Request.
  Time since last request: 1037.001172 seconds.
  path: Assets/Sprites
  artifactKey: Guid(11dff52b09073e445a70fdb80acd0989) Importer(815301076,1909f56bfc062723c751e8b465ee728b)
Start importing Assets/Sprites using Guid(11dff52b09073e445a70fdb80acd0989) Importer(815301076,1909f56bfc062723c751e8b465ee728b)  -> (artifact id: 'c8ec3c4e833770f399ab8c7a15069c9e') in 0.022313 seconds
  Import took 0.026526 seconds .

========================================================================
Received Import Request.
  Time since last request: 20.986388 seconds.
  path: Assets/TeamController.cs
  artifactKey: Guid(21c1cfea16eb4064884320cebea6525e) Importer(815301076,1909f56bfc062723c751e8b465ee728b)
Start importing Assets/TeamController.cs using Guid(21c1cfea16eb4064884320cebea6525e) Importer(815301076,1909f56bfc062723c751e8b465ee728b)  -> (artifact id: '1b7774db65951cf12d8a70687268b566') in 0.050148 seconds
  Import took 0.054178 seconds .

========================================================================
Received Import Request.
  Time since last request: 2.359835 seconds.
  path: Assets/ChatController.cs
  artifactKey: Guid(6823500cdad461c468325577d3a31274) Importer(815301076,1909f56bfc062723c751e8b465ee728b)
Start importing Assets/ChatController.cs using Guid(6823500cdad461c468325577d3a31274) Importer(815301076,1909f56bfc062723c751e8b465ee728b)  -> (artifact id: 'f82d90feb78a115f2d0fd82f5d84af21') in 0.009685 seconds
  Import took 0.014460 seconds .

========================================================================
Received Import Request.
  Time since last request: 17.612983 seconds.
  path: Assets/ChatController.cs
  artifactKey: Guid(6823500cdad461c468325577d3a31274) Importer(815301076,1909f56bfc062723c751e8b465ee728b)
Start importing Assets/ChatController.cs using Guid(6823500cdad461c468325577d3a31274) Importer(815301076,1909f56bfc062723c751e8b465ee728b)  -> (artifact id: '20aa6165cdd40a0e4ea2fcf44d9e7df2') in 0.025326 seconds
  Import took 0.032430 seconds .

========================================================================
Received Import Request.
  Time since last request: 0.011696 seconds.
  path: Assets/ChatController.cs
  artifactKey: Guid(6823500cdad461c468325577d3a31274) Importer(815301076,1909f56bfc062723c751e8b465ee728b)
Start importing Assets/ChatController.cs using Guid(6823500cdad461c468325577d3a31274) Importer(815301076,1909f56bfc062723c751e8b465ee728b)  -> (artifact id: '20aa6165cdd40a0e4ea2fcf44d9e7df2') in 0.041642 seconds
  Import took 0.045973 seconds .

========================================================================
Received Import Request.
  Time since last request: 25.121028 seconds.
  path: Assets/ChatController.cs
  artifactKey: Guid(6823500cdad461c468325577d3a31274) Importer(815301076,1909f56bfc062723c751e8b465ee728b)
Start importing Assets/ChatController.cs using Guid(6823500cdad461c468325577d3a31274) Importer(815301076,1909f56bfc062723c751e8b465ee728b)  -> (artifact id: '5e1d9b01d768097c1e873667d929c5d1') in 0.008859 seconds
  Import took 0.013531 seconds .

========================================================================
Received Import Request.
  Time since last request: 4.102642 seconds.
  path: Assets/ChatController.cs
  artifactKey: Guid(6823500cdad461c468325577d3a31274) Importer(815301076,1909f56bfc062723c751e8b465ee728b)
Start importing Assets/ChatController.cs using Guid(6823500cdad461c468325577d3a31274) Importer(815301076,1909f56bfc062723c751e8b465ee728b)  -> (artifact id: 'ae7c592b6b3950c34d509123d92d4f8c') in 0.013054 seconds
  Import took 0.022596 seconds .

========================================================================
Received Import Request.
  Time since last request: 0.000904 seconds.
  path: Assets/ChatController.cs
  artifactKey: Guid(6823500cdad461c468325577d3a31274) Importer(815301076,1909f56bfc062723c751e8b465ee728b)
Start importing Assets/ChatController.cs using Guid(6823500cdad461c468325577d3a31274) Importer(815301076,1909f56bfc062723c751e8b465ee728b)  -> (artifact id: 'ae7c592b6b3950c34d509123d92d4f8c') in 0.006645 seconds
  Import took 0.011031 seconds .

========================================================================
Received Import Request.
  Time since last request: 45.618750 seconds.
  path: Assets/ChatController.cs
  artifactKey: Guid(6823500cdad461c468325577d3a31274) Importer(815301076,1909f56bfc062723c751e8b465ee728b)
Start importing Assets/ChatController.cs using Guid(6823500cdad461c468325577d3a31274) Importer(815301076,1909f56bfc062723c751e8b465ee728b)  -> (artifact id: '85b5bfbe0656107e51c49bdda1610d67') in 0.015144 seconds
  Import took 0.020896 seconds .

========================================================================
Received Prepare
Registering precompiled user dll's ...
Registered in 0.001022 seconds.
Begin MonoManager ReloadAssembly
Native extension for WindowsStandalone target not found
Refreshing native plugins compatible for Editor in 0.37 ms, found 1 plugins.
Preloading 0 native plugins for Editor in 0.00 ms.
Invoked RoslynAnalysisRunner static constructor.
RoslynAnalysisRunner will not be running.
RoslynAnalysisRunner has terminated.
Mono: successfully reloaded assembly
- Completed reload, in  0.966 seconds
Platform modules already initialized, skipping
Refreshing native plugins compatible for Editor in 0.49 ms, found 1 plugins.
Preloading 0 native plugins for Editor in 0.00 ms.
Unloading 1817 Unused Serialized files (Serialized files now loaded: 0)
System memory in use before: 85.7 MB.
System memory in use after: 85.8 MB.

Unloading 7 unused Assets to reduce memory usage. Loaded Objects now: 2293.
Total: 2.404300 ms (FindLiveObjects: 0.263100 ms CreateObjectMapping: 0.137500 ms MarkObjects: 1.952900 ms  DeleteObjects: 0.049800 ms)

========================================================================
Received Prepare
Registering precompiled user dll's ...
Registered in 0.001090 seconds.
Begin MonoManager ReloadAssembly
Native extension for WindowsStandalone target not found
Refreshing native plugins compatible for Editor in 0.37 ms, found 1 plugins.
Preloading 0 native plugins for Editor in 0.00 ms.
Invoked RoslynAnalysisRunner static constructor.
RoslynAnalysisRunner will not be running.
RoslynAnalysisRunner has terminated.
Mono: successfully reloaded assembly
- Completed reload, in  1.018 seconds
Platform modules already initialized, skipping
Refreshing native plugins compatible for Editor in 0.39 ms, found 1 plugins.
Preloading 0 native plugins for Editor in 0.00 ms.
Unloading 1817 Unused Serialized files (Serialized files now loaded: 0)
System memory in use before: 85.7 MB.
System memory in use after: 85.8 MB.

Unloading 7 unused Assets to reduce memory usage. Loaded Objects now: 2297.
Total: 15.603100 ms (FindLiveObjects: 0.303400 ms CreateObjectMapping: 0.173600 ms MarkObjects: 15.100900 ms  DeleteObjects: 0.023300 ms)

AssetImportWorkerClient::OnTransportError - code=10054 error=Se ha forzado la interrupción de una conexión existente por el host remoto.
