Using pre-set license
Built from '2020.3/release' branch; Version is '2020.3.1f1 (77a89f25062f) revision 7841951'; Using compiler version '192528614'; Build Type 'Release'
OS: 'Windows 10 Home; OS build 19042.985; Version 2009; 64bit' Language: 'es' Physical Memory: 8105 MB
BatchMode: 1, IsHumanControllingUs: 0, StartBugReporterOnCrash: 0, Is64bit: 1, IsPro: 0

 COMMAND LINE ARGUMENTS:
C:\Program Files\Unity\Hub\Editor\2020.3.1f1\Editor\Unity.exe
-adb2
-batchMode
-noUpm
-name
AssetImportWorker1
-projectPath
C:/UnityProjectsUni/DungeonCrawler/DungeonCrawler-ClientSide
-logFile
Logs/AssetImportWorker1.log
-srvPort
54867
Successfully changed project path to: C:/UnityProjectsUni/DungeonCrawler/DungeonCrawler-ClientSide
C:/UnityProjectsUni/DungeonCrawler/DungeonCrawler-ClientSide
Using Asset Import Pipeline V2.
Refreshing native plugins compatible for Editor in 57.46 ms, found 1 plugins.
Preloading 0 native plugins for Editor in 0.00 ms.
Initialize engine version: 2020.3.1f1 (77a89f25062f)
[Subsystems] Discovering subsystems at path C:/Program Files/Unity/Hub/Editor/2020.3.1f1/Editor/Data/Resources/UnitySubsystems
[Subsystems] Discovering subsystems at path C:/UnityProjectsUni/DungeonCrawler/DungeonCrawler-ClientSide/Assets
GfxDevice: creating device client; threaded=0
Direct3D:
    Version:  Direct3D 11.0 [level 11.0]
    Renderer: NVIDIA GeForce GTX 760 (ID=0x1187)
    Vendor:   
    VRAM:     2007 MB
    Driver:   27.21.14.6589
Initialize mono
Mono path[0] = 'C:/Program Files/Unity/Hub/Editor/2020.3.1f1/Editor/Data/Managed'
Mono path[1] = 'C:/Program Files/Unity/Hub/Editor/2020.3.1f1/Editor/Data/MonoBleedingEdge/lib/mono/unityjit'
Mono config path = 'C:/Program Files/Unity/Hub/Editor/2020.3.1f1/Editor/Data/MonoBleedingEdge/etc'
Using monoOptions --debugger-agent=transport=dt_socket,embedding=1,server=y,suspend=n,address=127.0.0.1:56788
Begin MonoManager ReloadAssembly
Registering precompiled unity dll's ...
Register platform support module: C:/Program Files/Unity/Hub/Editor/2020.3.1f1/Editor/Data/PlaybackEngines/WindowsStandaloneSupport/UnityEditor.WindowsStandalone.Extensions.dll
Registered in 0.002197 seconds.
Native extension for WindowsStandalone target not found
Refreshing native plugins compatible for Editor in 38.10 ms, found 1 plugins.
Preloading 0 native plugins for Editor in 0.00 ms.
Invoked RoslynAnalysisRunner static constructor.
RoslynAnalysisRunner will not be running.
RoslynAnalysisRunner has terminated.
Mono: successfully reloaded assembly
- Completed reload, in  1.367 seconds
Platform modules already initialized, skipping
Registering precompiled user dll's ...
Registered in 0.001027 seconds.
Begin MonoManager ReloadAssembly
Native extension for WindowsStandalone target not found
Refreshing native plugins compatible for Editor in 39.89 ms, found 1 plugins.
Preloading 0 native plugins for Editor in 0.00 ms.
Invoked RoslynAnalysisRunner static constructor.
RoslynAnalysisRunner will not be running.
RoslynAnalysisRunner has terminated.
Mono: successfully reloaded assembly
- Completed reload, in  1.123 seconds
Platform modules already initialized, skipping
========================================================================
Worker process is ready to serve import requests
Launched and connected shader compiler UnityShaderCompiler.exe after 0.22 seconds
Refreshing native plugins compatible for Editor in 0.45 ms, found 1 plugins.
Preloading 0 native plugins for Editor in 0.00 ms.
Unloading 1841 Unused Serialized files (Serialized files now loaded: 0)
System memory in use before: 87.1 MB.
System memory in use after: 87.2 MB.

Unloading 19 unused Assets to reduce memory usage. Loaded Objects now: 2290.
Total: 3.702100 ms (FindLiveObjects: 0.185000 ms CreateObjectMapping: 0.073100 ms MarkObjects: 3.370800 ms  DeleteObjects: 0.071700 ms)

========================================================================
Received Import Request.
  path: Assets/UILogInMenu.cs
  artifactKey: Guid(1bbca87e9445c9740806b98043546e01) Importer(815301076,1909f56bfc062723c751e8b465ee728b)
Start importing Assets/UILogInMenu.cs using Guid(1bbca87e9445c9740806b98043546e01) Importer(815301076,1909f56bfc062723c751e8b465ee728b)  -> (artifact id: 'bba5fdc63241076db37a0562cc0c1971') in 0.267229 seconds
  Import took 0.271056 seconds .

========================================================================
Received Import Request.
  Time since last request: 0.000197 seconds.
  path: Assets/Scripts/UI
  artifactKey: Guid(a7da91864bd00374aa6e557f23174dcb) Importer(815301076,1909f56bfc062723c751e8b465ee728b)
Start importing Assets/Scripts/UI using Guid(a7da91864bd00374aa6e557f23174dcb) Importer(815301076,1909f56bfc062723c751e8b465ee728b)  -> (artifact id: 'ec832a79065eb06817fc30b8d55642d9') in 0.008851 seconds
  Import took 0.012139 seconds .

========================================================================
Received Import Request.
  Time since last request: 0.000180 seconds.
  path: Assets/ChatController.cs
  artifactKey: Guid(6823500cdad461c468325577d3a31274) Importer(815301076,1909f56bfc062723c751e8b465ee728b)
Start importing Assets/ChatController.cs using Guid(6823500cdad461c468325577d3a31274) Importer(815301076,1909f56bfc062723c751e8b465ee728b)  -> (artifact id: 'd2dc12b88adcb5e8b3a1ece08800a7b0') in 0.008202 seconds
  Import took 0.011343 seconds .

========================================================================
Received Import Request.
  Time since last request: 3.534993 seconds.
  path: Assets/TextMesh Pro
  artifactKey: Guid(f54d1bd14bd3ca042bd867b519fee8cc) Importer(815301076,1909f56bfc062723c751e8b465ee728b)
Start importing Assets/TextMesh Pro using Guid(f54d1bd14bd3ca042bd867b519fee8cc) Importer(815301076,1909f56bfc062723c751e8b465ee728b)  -> (artifact id: '4fe1e02b069bed39c508f869cad12467') in 0.015098 seconds
  Import took 0.019548 seconds .

========================================================================
Received Import Request.
  Time since last request: 1.937328 seconds.
  path: Assets/Sprites/Dungeon
  artifactKey: Guid(41e8c6b0c3dd2e64cbdfc65b08e78c86) Importer(815301076,1909f56bfc062723c751e8b465ee728b)
Start importing Assets/Sprites/Dungeon using Guid(41e8c6b0c3dd2e64cbdfc65b08e78c86) Importer(815301076,1909f56bfc062723c751e8b465ee728b)  -> (artifact id: 'fab2254678b4bbbbd690aaa9942da1ac') in 0.009278 seconds
  Import took 0.012770 seconds .

========================================================================
Received Prepare
Refreshing native plugins compatible for Editor in 1.83 ms, found 1 plugins.
Preloading 0 native plugins for Editor in 0.00 ms.
Unloading 5 Unused Serialized files (Serialized files now loaded: 0)
System memory in use before: 49.6 MB.
System memory in use after: 49.7 MB.

Unloading 5 unused Assets to reduce memory usage. Loaded Objects now: 2290.
Total: 3.705800 ms (FindLiveObjects: 0.272400 ms CreateObjectMapping: 0.207700 ms MarkObjects: 3.195700 ms  DeleteObjects: 0.027800 ms)

========================================================================
Received Import Request.
  Time since last request: 11.871922 seconds.
  path: Assets/Tiles
  artifactKey: Guid(d8d4eb01a64d228489eb54e0f3d970db) Importer(815301076,1909f56bfc062723c751e8b465ee728b)
Start importing Assets/Tiles using Guid(d8d4eb01a64d228489eb54e0f3d970db) Importer(815301076,1909f56bfc062723c751e8b465ee728b)  -> (artifact id: '303277ab31ef33050c62a4167c27d3c2') in 0.018467 seconds
  Import took 0.022594 seconds .

========================================================================
Received Import Request.
  Time since last request: 1.264665 seconds.
  path: Assets/Tiles/Tiles
  artifactKey: Guid(1dbb18744ce129347b52b16d71fc9fd4) Importer(815301076,1909f56bfc062723c751e8b465ee728b)
Start importing Assets/Tiles/Tiles using Guid(1dbb18744ce129347b52b16d71fc9fd4) Importer(815301076,1909f56bfc062723c751e8b465ee728b)  -> (artifact id: 'eafd634bbe92d1babd91795214a22b10') in 0.020754 seconds
  Import took 0.029411 seconds .

========================================================================
Received Import Request.
  Time since last request: 3.176620 seconds.
  path: Assets/Editor
  artifactKey: Guid(7196d0a1d0ec3864788205902e406566) Importer(815301076,1909f56bfc062723c751e8b465ee728b)
Start importing Assets/Editor using Guid(7196d0a1d0ec3864788205902e406566) Importer(815301076,1909f56bfc062723c751e8b465ee728b)  -> (artifact id: 'c8c597bbcec0a4a6ff94622f9068be86') in 0.009033 seconds
  Import took 0.013246 seconds .

========================================================================
Received Import Request.
  Time since last request: 0.000290 seconds.
  path: Assets/Editor
  artifactKey: Guid(7196d0a1d0ec3864788205902e406566) Importer(815301076,1909f56bfc062723c751e8b465ee728b)
Start importing Assets/Editor using Guid(7196d0a1d0ec3864788205902e406566) Importer(815301076,1909f56bfc062723c751e8b465ee728b)  -> (artifact id: 'c8c597bbcec0a4a6ff94622f9068be86') in 0.004828 seconds
  Import took 0.008322 seconds .

========================================================================
Received Prepare
Registering precompiled user dll's ...
Registered in 0.001146 seconds.
Begin MonoManager ReloadAssembly
Native extension for WindowsStandalone target not found
Refreshing native plugins compatible for Editor in 0.37 ms, found 1 plugins.
Preloading 0 native plugins for Editor in 0.00 ms.
Invoked RoslynAnalysisRunner static constructor.
RoslynAnalysisRunner will not be running.
RoslynAnalysisRunner has terminated.
Mono: successfully reloaded assembly
- Completed reload, in  0.988 seconds
Platform modules already initialized, skipping
Refreshing native plugins compatible for Editor in 0.44 ms, found 1 plugins.
Preloading 0 native plugins for Editor in 0.00 ms.
Unloading 1817 Unused Serialized files (Serialized files now loaded: 0)
System memory in use before: 85.6 MB.
System memory in use after: 85.7 MB.

Unloading 7 unused Assets to reduce memory usage. Loaded Objects now: 2294.
Total: 3.086400 ms (FindLiveObjects: 0.260200 ms CreateObjectMapping: 0.163000 ms MarkObjects: 2.639800 ms  DeleteObjects: 0.021400 ms)

========================================================================
Received Prepare
Registering precompiled user dll's ...
Registered in 0.001206 seconds.
Begin MonoManager ReloadAssembly
Native extension for WindowsStandalone target not found
Refreshing native plugins compatible for Editor in 0.42 ms, found 1 plugins.
Preloading 0 native plugins for Editor in 0.00 ms.
Invoked RoslynAnalysisRunner static constructor.
RoslynAnalysisRunner will not be running.
RoslynAnalysisRunner has terminated.
Mono: successfully reloaded assembly
- Completed reload, in  1.015 seconds
Platform modules already initialized, skipping
Refreshing native plugins compatible for Editor in 0.45 ms, found 1 plugins.
Preloading 0 native plugins for Editor in 0.00 ms.
Unloading 1809 Unused Serialized files (Serialized files now loaded: 0)
System memory in use before: 85.5 MB.
System memory in use after: 85.6 MB.

Unloading 15 unused Assets to reduce memory usage. Loaded Objects now: 2290.
Total: 2.933100 ms (FindLiveObjects: 0.322800 ms CreateObjectMapping: 0.188200 ms MarkObjects: 2.384600 ms  DeleteObjects: 0.034600 ms)

========================================================================
Received Prepare
Refreshing native plugins compatible for Editor in 2.11 ms, found 1 plugins.
Preloading 0 native plugins for Editor in 0.00 ms.
Unloading 5 Unused Serialized files (Serialized files now loaded: 0)
System memory in use before: 49.8 MB.
System memory in use after: 50.0 MB.

Unloading 5 unused Assets to reduce memory usage. Loaded Objects now: 2290.
Total: 2.446300 ms (FindLiveObjects: 0.228200 ms CreateObjectMapping: 0.125900 ms MarkObjects: 2.075200 ms  DeleteObjects: 0.015500 ms)

========================================================================
Received Prepare
Registering precompiled user dll's ...
Registered in 0.001542 seconds.
Begin MonoManager ReloadAssembly
Native extension for WindowsStandalone target not found
Refreshing native plugins compatible for Editor in 0.44 ms, found 1 plugins.
Preloading 0 native plugins for Editor in 0.00 ms.
Invoked RoslynAnalysisRunner static constructor.
RoslynAnalysisRunner will not be running.
RoslynAnalysisRunner has terminated.
Mono: successfully reloaded assembly
- Completed reload, in  1.572 seconds
Platform modules already initialized, skipping
Refreshing native plugins compatible for Editor in 0.59 ms, found 1 plugins.
Preloading 0 native plugins for Editor in 0.00 ms.
Unloading 1809 Unused Serialized files (Serialized files now loaded: 0)
System memory in use before: 85.5 MB.
System memory in use after: 85.6 MB.

Unloading 7 unused Assets to reduce memory usage. Loaded Objects now: 2294.
Total: 4.974100 ms (FindLiveObjects: 0.286000 ms CreateObjectMapping: 0.456200 ms MarkObjects: 4.209600 ms  DeleteObjects: 0.020600 ms)

========================================================================
Received Prepare
Registering precompiled user dll's ...
Registered in 0.001070 seconds.
Begin MonoManager ReloadAssembly
Native extension for WindowsStandalone target not found
Refreshing native plugins compatible for Editor in 0.44 ms, found 1 plugins.
Preloading 0 native plugins for Editor in 0.00 ms.
Invoked RoslynAnalysisRunner static constructor.
RoslynAnalysisRunner will not be running.
RoslynAnalysisRunner has terminated.
Mono: successfully reloaded assembly
- Completed reload, in  0.989 seconds
Platform modules already initialized, skipping
Refreshing native plugins compatible for Editor in 0.74 ms, found 1 plugins.
Preloading 0 native plugins for Editor in 0.00 ms.
Unloading 1809 Unused Serialized files (Serialized files now loaded: 0)
System memory in use before: 85.5 MB.
System memory in use after: 85.6 MB.

Unloading 7 unused Assets to reduce memory usage. Loaded Objects now: 2298.
Total: 2.263600 ms (FindLiveObjects: 0.206300 ms CreateObjectMapping: 0.062700 ms MarkObjects: 1.945400 ms  DeleteObjects: 0.048100 ms)

========================================================================
Received Prepare
Registering precompiled user dll's ...
Registered in 0.001953 seconds.
Begin MonoManager ReloadAssembly
Native extension for WindowsStandalone target not found
Refreshing native plugins compatible for Editor in 0.56 ms, found 1 plugins.
Preloading 0 native plugins for Editor in 0.00 ms.
Invoked RoslynAnalysisRunner static constructor.
RoslynAnalysisRunner will not be running.
RoslynAnalysisRunner has terminated.
Mono: successfully reloaded assembly
- Completed reload, in  1.069 seconds
Platform modules already initialized, skipping
Refreshing native plugins compatible for Editor in 0.56 ms, found 1 plugins.
Preloading 0 native plugins for Editor in 0.00 ms.
Unloading 1809 Unused Serialized files (Serialized files now loaded: 0)
System memory in use before: 85.5 MB.
System memory in use after: 85.6 MB.

Unloading 7 unused Assets to reduce memory usage. Loaded Objects now: 2302.
Total: 2.694500 ms (FindLiveObjects: 0.283800 ms CreateObjectMapping: 0.173900 ms MarkObjects: 2.220500 ms  DeleteObjects: 0.015300 ms)

========================================================================
Received Prepare
Registering precompiled user dll's ...
Registered in 0.001136 seconds.
Begin MonoManager ReloadAssembly
Native extension for WindowsStandalone target not found
Refreshing native plugins compatible for Editor in 0.68 ms, found 1 plugins.
Preloading 0 native plugins for Editor in 0.00 ms.
Invoked RoslynAnalysisRunner static constructor.
RoslynAnalysisRunner will not be running.
RoslynAnalysisRunner has terminated.
Mono: successfully reloaded assembly
- Completed reload, in  0.997 seconds
Platform modules already initialized, skipping
Refreshing native plugins compatible for Editor in 0.39 ms, found 1 plugins.
Preloading 0 native plugins for Editor in 0.00 ms.
Unloading 1809 Unused Serialized files (Serialized files now loaded: 0)
System memory in use before: 85.5 MB.
System memory in use after: 85.7 MB.

Unloading 7 unused Assets to reduce memory usage. Loaded Objects now: 2306.
Total: 2.558900 ms (FindLiveObjects: 0.269700 ms CreateObjectMapping: 0.161000 ms MarkObjects: 2.110200 ms  DeleteObjects: 0.016800 ms)

========================================================================
Received Prepare
Registering precompiled user dll's ...
Registered in 0.001223 seconds.
Begin MonoManager ReloadAssembly
Native extension for WindowsStandalone target not found
Refreshing native plugins compatible for Editor in 0.40 ms, found 1 plugins.
Preloading 0 native plugins for Editor in 0.00 ms.
Invoked RoslynAnalysisRunner static constructor.
RoslynAnalysisRunner will not be running.
RoslynAnalysisRunner has terminated.
Mono: successfully reloaded assembly
- Completed reload, in  1.052 seconds
Platform modules already initialized, skipping
Refreshing native plugins compatible for Editor in 0.85 ms, found 1 plugins.
Preloading 0 native plugins for Editor in 0.00 ms.
Unloading 1809 Unused Serialized files (Serialized files now loaded: 0)
System memory in use before: 85.6 MB.
System memory in use after: 85.7 MB.

Unloading 7 unused Assets to reduce memory usage. Loaded Objects now: 2310.
Total: 2.875300 ms (FindLiveObjects: 0.282900 ms CreateObjectMapping: 0.156800 ms MarkObjects: 2.410400 ms  DeleteObjects: 0.024000 ms)

========================================================================
Received Prepare
Registering precompiled user dll's ...
Registered in 0.001646 seconds.
Begin MonoManager ReloadAssembly
Native extension for WindowsStandalone target not found
Refreshing native plugins compatible for Editor in 0.37 ms, found 1 plugins.
Preloading 0 native plugins for Editor in 0.00 ms.
Invoked RoslynAnalysisRunner static constructor.
RoslynAnalysisRunner will not be running.
RoslynAnalysisRunner has terminated.
Mono: successfully reloaded assembly
- Completed reload, in  1.004 seconds
Platform modules already initialized, skipping
Refreshing native plugins compatible for Editor in 0.48 ms, found 1 plugins.
Preloading 0 native plugins for Editor in 0.00 ms.
Unloading 1809 Unused Serialized files (Serialized files now loaded: 0)
System memory in use before: 85.6 MB.
System memory in use after: 85.7 MB.

Unloading 7 unused Assets to reduce memory usage. Loaded Objects now: 2314.
Total: 2.184300 ms (FindLiveObjects: 0.190600 ms CreateObjectMapping: 0.069300 ms MarkObjects: 1.873800 ms  DeleteObjects: 0.049800 ms)

========================================================================
Received Prepare
Registering precompiled user dll's ...
Registered in 0.001131 seconds.
Begin MonoManager ReloadAssembly
Native extension for WindowsStandalone target not found
Refreshing native plugins compatible for Editor in 0.49 ms, found 1 plugins.
Preloading 0 native plugins for Editor in 0.00 ms.
Invoked RoslynAnalysisRunner static constructor.
RoslynAnalysisRunner will not be running.
RoslynAnalysisRunner has terminated.
Mono: successfully reloaded assembly
- Completed reload, in  1.074 seconds
Platform modules already initialized, skipping
Refreshing native plugins compatible for Editor in 0.60 ms, found 1 plugins.
Preloading 0 native plugins for Editor in 0.00 ms.
Unloading 1810 Unused Serialized files (Serialized files now loaded: 0)
System memory in use before: 85.6 MB.
System memory in use after: 85.7 MB.

Unloading 7 unused Assets to reduce memory usage. Loaded Objects now: 2319.
Total: 2.717000 ms (FindLiveObjects: 0.315100 ms CreateObjectMapping: 0.192700 ms MarkObjects: 2.187500 ms  DeleteObjects: 0.019900 ms)

========================================================================
Received Prepare
Registering precompiled user dll's ...
Registered in 0.001202 seconds.
Begin MonoManager ReloadAssembly
Native extension for WindowsStandalone target not found
Refreshing native plugins compatible for Editor in 0.53 ms, found 1 plugins.
Preloading 0 native plugins for Editor in 0.00 ms.
Invoked RoslynAnalysisRunner static constructor.
RoslynAnalysisRunner will not be running.
RoslynAnalysisRunner has terminated.
Mono: successfully reloaded assembly
- Completed reload, in  1.169 seconds
Platform modules already initialized, skipping
Refreshing native plugins compatible for Editor in 0.49 ms, found 1 plugins.
Preloading 0 native plugins for Editor in 0.00 ms.
Unloading 1810 Unused Serialized files (Serialized files now loaded: 0)
System memory in use before: 85.6 MB.
System memory in use after: 85.7 MB.

Unloading 7 unused Assets to reduce memory usage. Loaded Objects now: 2323.
Total: 8.099500 ms (FindLiveObjects: 2.899200 ms CreateObjectMapping: 0.521200 ms MarkObjects: 4.493600 ms  DeleteObjects: 0.181400 ms)

========================================================================
Received Prepare
Registering precompiled user dll's ...
Registered in 0.001634 seconds.
Begin MonoManager ReloadAssembly
Native extension for WindowsStandalone target not found
Refreshing native plugins compatible for Editor in 0.39 ms, found 1 plugins.
Preloading 0 native plugins for Editor in 0.00 ms.
Invoked RoslynAnalysisRunner static constructor.
RoslynAnalysisRunner will not be running.
RoslynAnalysisRunner has terminated.
Mono: successfully reloaded assembly
- Completed reload, in  1.093 seconds
Platform modules already initialized, skipping
Refreshing native plugins compatible for Editor in 0.42 ms, found 1 plugins.
Preloading 0 native plugins for Editor in 0.00 ms.
Unloading 1810 Unused Serialized files (Serialized files now loaded: 0)
System memory in use before: 85.6 MB.
System memory in use after: 85.7 MB.

Unloading 7 unused Assets to reduce memory usage. Loaded Objects now: 2327.
Total: 2.686000 ms (FindLiveObjects: 0.241100 ms CreateObjectMapping: 0.200400 ms MarkObjects: 2.216200 ms  DeleteObjects: 0.026600 ms)

========================================================================
Received Prepare
Registering precompiled user dll's ...
Registered in 0.001370 seconds.
Begin MonoManager ReloadAssembly
Native extension for WindowsStandalone target not found
Refreshing native plugins compatible for Editor in 0.43 ms, found 1 plugins.
Preloading 0 native plugins for Editor in 0.00 ms.
Invoked RoslynAnalysisRunner static constructor.
RoslynAnalysisRunner will not be running.
RoslynAnalysisRunner has terminated.
Mono: successfully reloaded assembly
- Completed reload, in  1.097 seconds
Platform modules already initialized, skipping
Refreshing native plugins compatible for Editor in 0.39 ms, found 1 plugins.
Preloading 0 native plugins for Editor in 0.00 ms.
Unloading 1810 Unused Serialized files (Serialized files now loaded: 0)
System memory in use before: 85.6 MB.
System memory in use after: 85.7 MB.

Unloading 7 unused Assets to reduce memory usage. Loaded Objects now: 2331.
Total: 2.995500 ms (FindLiveObjects: 0.264500 ms CreateObjectMapping: 0.158200 ms MarkObjects: 2.542300 ms  DeleteObjects: 0.029100 ms)

========================================================================
Received Import Request.
  Time since last request: 6402.868245 seconds.
  path: Assets/Scenes/Map.unity
  artifactKey: Guid(35ee3164b1883a242ad082e02e159fbf) Importer(815301076,1909f56bfc062723c751e8b465ee728b)
Start importing Assets/Scenes/Map.unity using Guid(35ee3164b1883a242ad082e02e159fbf) Importer(815301076,1909f56bfc062723c751e8b465ee728b)  -> (artifact id: '039cce2901a7d33b57ebb55c92a7be99') in 0.121883 seconds
  Import took 0.127884 seconds .

========================================================================
Received Prepare
Registering precompiled user dll's ...
Registered in 0.003191 seconds.
Begin MonoManager ReloadAssembly
Native extension for WindowsStandalone target not found
Refreshing native plugins compatible for Editor in 0.44 ms, found 1 plugins.
Preloading 0 native plugins for Editor in 0.00 ms.
Invoked RoslynAnalysisRunner static constructor.
RoslynAnalysisRunner will not be running.
RoslynAnalysisRunner has terminated.
Mono: successfully reloaded assembly
- Completed reload, in  1.274 seconds
Platform modules already initialized, skipping
Refreshing native plugins compatible for Editor in 0.54 ms, found 1 plugins.
Preloading 0 native plugins for Editor in 0.00 ms.
Unloading 1810 Unused Serialized files (Serialized files now loaded: 0)
System memory in use before: 85.6 MB.
System memory in use after: 85.7 MB.

Unloading 7 unused Assets to reduce memory usage. Loaded Objects now: 2335.
Total: 2.650700 ms (FindLiveObjects: 0.353700 ms CreateObjectMapping: 0.177000 ms MarkObjects: 2.101700 ms  DeleteObjects: 0.016900 ms)

========================================================================
Received Prepare
Registering precompiled user dll's ...
Registered in 0.004837 seconds.
Begin MonoManager ReloadAssembly
Native extension for WindowsStandalone target not found
Refreshing native plugins compatible for Editor in 0.41 ms, found 1 plugins.
Preloading 0 native plugins for Editor in 0.00 ms.
Invoked RoslynAnalysisRunner static constructor.
RoslynAnalysisRunner will not be running.
RoslynAnalysisRunner has terminated.
Mono: successfully reloaded assembly
- Completed reload, in  2.392 seconds
Platform modules already initialized, skipping
Refreshing native plugins compatible for Editor in 0.47 ms, found 1 plugins.
Preloading 0 native plugins for Editor in 0.00 ms.
Unloading 1810 Unused Serialized files (Serialized files now loaded: 0)
System memory in use before: 85.6 MB.
System memory in use after: 85.8 MB.

Unloading 7 unused Assets to reduce memory usage. Loaded Objects now: 2339.
Total: 4.555700 ms (FindLiveObjects: 1.652400 ms CreateObjectMapping: 0.226700 ms MarkObjects: 2.648600 ms  DeleteObjects: 0.025900 ms)

========================================================================
Received Import Request.
  Time since last request: 7303.881263 seconds.
  path: Assets/Animations/Animators/Player/PlayerMovementAnimController.controller
  artifactKey: Guid(2c1882a6819baf84db1bfe4d640caf7a) Importer(815301076,1909f56bfc062723c751e8b465ee728b)
Start importing Assets/Animations/Animators/Player/PlayerMovementAnimController.controller using Guid(2c1882a6819baf84db1bfe4d640caf7a) Importer(815301076,1909f56bfc062723c751e8b465ee728b)  -> (artifact id: '0877938402a82b7752e89ee4a0366acc') in 0.231283 seconds
  Import took 0.313058 seconds .

========================================================================
Received Import Request.
  Time since last request: 2.416903 seconds.
  path: Assets/Animations/Animators/Player/Walk.anim
  artifactKey: Guid(34fb7b71ebb73e84e804eed4bd899a51) Importer(815301076,1909f56bfc062723c751e8b465ee728b)
Start importing Assets/Animations/Animators/Player/Walk.anim using Guid(34fb7b71ebb73e84e804eed4bd899a51) Importer(815301076,1909f56bfc062723c751e8b465ee728b)  -> (artifact id: '8929450d4562f2cac9ae9ec8d5ea44cf') in 0.013235 seconds
  Import took 0.016505 seconds .

========================================================================
Received Import Request.
  Time since last request: 0.080443 seconds.
  path: Assets/Animations/Animators/Player/Walk.anim
  artifactKey: Guid(34fb7b71ebb73e84e804eed4bd899a51) Importer(815301076,1909f56bfc062723c751e8b465ee728b)
Start importing Assets/Animations/Animators/Player/Walk.anim using Guid(34fb7b71ebb73e84e804eed4bd899a51) Importer(815301076,1909f56bfc062723c751e8b465ee728b)  -> (artifact id: '8929450d4562f2cac9ae9ec8d5ea44cf') in 0.009496 seconds
  Import took 0.016078 seconds .

========================================================================
Received Import Request.
  Time since last request: 766.021256 seconds.
  path: Assets/Scenes/MainMenu.unity
  artifactKey: Guid(2cda990e2423bbf4892e6590ba056729) Importer(815301076,1909f56bfc062723c751e8b465ee728b)
Start importing Assets/Scenes/MainMenu.unity using Guid(2cda990e2423bbf4892e6590ba056729) Importer(815301076,1909f56bfc062723c751e8b465ee728b)  -> (artifact id: 'a582283c2f60abb5d8a7770c05a4f851') in 0.026002 seconds
  Import took 0.032496 seconds .

========================================================================
Received Prepare
Registering precompiled user dll's ...
Registered in 0.001300 seconds.
Begin MonoManager ReloadAssembly
Native extension for WindowsStandalone target not found
Refreshing native plugins compatible for Editor in 0.42 ms, found 1 plugins.
Preloading 0 native plugins for Editor in 0.00 ms.
Invoked RoslynAnalysisRunner static constructor.
RoslynAnalysisRunner will not be running.
RoslynAnalysisRunner has terminated.
Mono: successfully reloaded assembly
- Completed reload, in  1.409 seconds
Platform modules already initialized, skipping
Refreshing native plugins compatible for Editor in 0.41 ms, found 1 plugins.
Preloading 0 native plugins for Editor in 0.00 ms.
Unloading 1811 Unused Serialized files (Serialized files now loaded: 0)
System memory in use before: 85.7 MB.
System memory in use after: 85.8 MB.

Unloading 7 unused Assets to reduce memory usage. Loaded Objects now: 2344.
Total: 21.635800 ms (FindLiveObjects: 0.254800 ms CreateObjectMapping: 0.209600 ms MarkObjects: 4.030200 ms  DeleteObjects: 17.139400 ms)

========================================================================
Received Import Request.
  Time since last request: 168.151587 seconds.
  path: Assets/_Sprites
  artifactKey: Guid(bbe3a1c3b88e1c348a847d2d7bf8aac7) Importer(815301076,1909f56bfc062723c751e8b465ee728b)
Start importing Assets/_Sprites using Guid(bbe3a1c3b88e1c348a847d2d7bf8aac7) Importer(815301076,1909f56bfc062723c751e8b465ee728b)  -> (artifact id: '97a4bf911f2ec7bd845ab3eaebbc5781') in 0.027976 seconds
  Import took 0.034334 seconds .

========================================================================
Received Import Request.
  Time since last request: 3.577650 seconds.
  path: Assets/_Sprites/Dungeon
  artifactKey: Guid(2edfc33acd5d3d3418a7317be837aec8) Importer(815301076,1909f56bfc062723c751e8b465ee728b)
Start importing Assets/_Sprites/Dungeon using Guid(2edfc33acd5d3d3418a7317be837aec8) Importer(815301076,1909f56bfc062723c751e8b465ee728b)  -> (artifact id: '8d59c071656b93dd049bed35b8bcc6a8') in 0.023078 seconds
  Import took 0.028896 seconds .

========================================================================
Received Import Request.
  Time since last request: 0.563827 seconds.
  path: Assets/_Sprites/Dungeon/character and tileset
  artifactKey: Guid(29df34a96f382844d91d082eb9fc5621) Importer(815301076,1909f56bfc062723c751e8b465ee728b)
Start importing Assets/_Sprites/Dungeon/character and tileset using Guid(29df34a96f382844d91d082eb9fc5621) Importer(815301076,1909f56bfc062723c751e8b465ee728b)  -> (artifact id: 'c1ff90754872ca50eb7417d073f666c5') in 0.010705 seconds
  Import took 0.016247 seconds .

========================================================================
Received Import Request.
  Time since last request: 318.864183 seconds.
  path: Assets/Scenes/MainMenu.unity
  artifactKey: Guid(2cda990e2423bbf4892e6590ba056729) Importer(815301076,1909f56bfc062723c751e8b465ee728b)
Start importing Assets/Scenes/MainMenu.unity using Guid(2cda990e2423bbf4892e6590ba056729) Importer(815301076,1909f56bfc062723c751e8b465ee728b)  -> (artifact id: '5b8abf6f9385c14f2a7d9c62110c9984') in 0.026495 seconds
  Import took 0.031050 seconds .

========================================================================
Received Prepare
Registering precompiled user dll's ...
Registered in 0.002304 seconds.
Begin MonoManager ReloadAssembly
Native extension for WindowsStandalone target not found
Refreshing native plugins compatible for Editor in 0.39 ms, found 1 plugins.
Preloading 0 native plugins for Editor in 0.00 ms.
Invoked RoslynAnalysisRunner static constructor.
RoslynAnalysisRunner will not be running.
RoslynAnalysisRunner has terminated.
Mono: successfully reloaded assembly
- Completed reload, in  1.522 seconds
Platform modules already initialized, skipping
Refreshing native plugins compatible for Editor in 0.52 ms, found 1 plugins.
Preloading 0 native plugins for Editor in 0.00 ms.
Unloading 1811 Unused Serialized files (Serialized files now loaded: 0)
System memory in use before: 85.7 MB.
System memory in use after: 85.8 MB.

Unloading 7 unused Assets to reduce memory usage. Loaded Objects now: 2348.
Total: 17.299300 ms (FindLiveObjects: 0.259900 ms CreateObjectMapping: 0.185300 ms MarkObjects: 1.985300 ms  DeleteObjects: 14.867100 ms)

========================================================================
Received Prepare
Registering precompiled user dll's ...
Registered in 0.004290 seconds.
Begin MonoManager ReloadAssembly
Native extension for WindowsStandalone target not found
Refreshing native plugins compatible for Editor in 0.39 ms, found 1 plugins.
Preloading 0 native plugins for Editor in 0.00 ms.
Invoked RoslynAnalysisRunner static constructor.
RoslynAnalysisRunner will not be running.
RoslynAnalysisRunner has terminated.
Mono: successfully reloaded assembly
- Completed reload, in  1.128 seconds
Platform modules already initialized, skipping
Refreshing native plugins compatible for Editor in 5.24 ms, found 1 plugins.
Preloading 0 native plugins for Editor in 0.00 ms.
Unloading 1811 Unused Serialized files (Serialized files now loaded: 0)
System memory in use before: 85.7 MB.
System memory in use after: 85.8 MB.

Unloading 7 unused Assets to reduce memory usage. Loaded Objects now: 2352.
Total: 2.717800 ms (FindLiveObjects: 0.263800 ms CreateObjectMapping: 0.156400 ms MarkObjects: 2.181900 ms  DeleteObjects: 0.114300 ms)

========================================================================
Received Prepare
Registering precompiled user dll's ...
Registered in 0.002905 seconds.
Begin MonoManager ReloadAssembly
Native extension for WindowsStandalone target not found
Refreshing native plugins compatible for Editor in 0.46 ms, found 1 plugins.
Preloading 0 native plugins for Editor in 0.00 ms.
Invoked RoslynAnalysisRunner static constructor.
RoslynAnalysisRunner will not be running.
RoslynAnalysisRunner has terminated.
Mono: successfully reloaded assembly
- Completed reload, in  1.177 seconds
Platform modules already initialized, skipping
Refreshing native plugins compatible for Editor in 0.42 ms, found 1 plugins.
Preloading 0 native plugins for Editor in 0.00 ms.
Unloading 1811 Unused Serialized files (Serialized files now loaded: 0)
System memory in use before: 85.7 MB.
System memory in use after: 85.8 MB.

Unloading 7 unused Assets to reduce memory usage. Loaded Objects now: 2356.
Total: 3.225400 ms (FindLiveObjects: 0.365800 ms CreateObjectMapping: 0.271100 ms MarkObjects: 2.555100 ms  DeleteObjects: 0.031100 ms)

========================================================================
Received Prepare
Registering precompiled user dll's ...
Registered in 0.001128 seconds.
Begin MonoManager ReloadAssembly
Native extension for WindowsStandalone target not found
Refreshing native plugins compatible for Editor in 0.54 ms, found 1 plugins.
Preloading 0 native plugins for Editor in 0.00 ms.
Invoked RoslynAnalysisRunner static constructor.
RoslynAnalysisRunner will not be running.
RoslynAnalysisRunner has terminated.
Mono: successfully reloaded assembly
- Completed reload, in  1.196 seconds
Platform modules already initialized, skipping
Refreshing native plugins compatible for Editor in 0.57 ms, found 1 plugins.
Preloading 0 native plugins for Editor in 0.00 ms.
Unloading 1811 Unused Serialized files (Serialized files now loaded: 0)
System memory in use before: 85.7 MB.
System memory in use after: 85.8 MB.

Unloading 7 unused Assets to reduce memory usage. Loaded Objects now: 2360.
Total: 3.095300 ms (FindLiveObjects: 0.282200 ms CreateObjectMapping: 0.164200 ms MarkObjects: 2.585100 ms  DeleteObjects: 0.062200 ms)

========================================================================
Received Prepare
Registering precompiled user dll's ...
Registered in 0.022461 seconds.
Begin MonoManager ReloadAssembly
Native extension for WindowsStandalone target not found
Refreshing native plugins compatible for Editor in 0.38 ms, found 1 plugins.
Preloading 0 native plugins for Editor in 0.00 ms.
Invoked RoslynAnalysisRunner static constructor.
RoslynAnalysisRunner will not be running.
RoslynAnalysisRunner has terminated.
Mono: successfully reloaded assembly
- Completed reload, in  1.195 seconds
Platform modules already initialized, skipping
Refreshing native plugins compatible for Editor in 0.78 ms, found 1 plugins.
Preloading 0 native plugins for Editor in 0.00 ms.
Unloading 1811 Unused Serialized files (Serialized files now loaded: 0)
System memory in use before: 85.7 MB.
System memory in use after: 85.9 MB.

Unloading 7 unused Assets to reduce memory usage. Loaded Objects now: 2364.
Total: 2.455000 ms (FindLiveObjects: 0.297900 ms CreateObjectMapping: 0.164000 ms MarkObjects: 1.970700 ms  DeleteObjects: 0.021200 ms)

========================================================================
Received Import Request.
  Time since last request: 695.675719 seconds.
  path: Assets/Scenes/MainMenu.unity
  artifactKey: Guid(2cda990e2423bbf4892e6590ba056729) Importer(815301076,1909f56bfc062723c751e8b465ee728b)
Start importing Assets/Scenes/MainMenu.unity using Guid(2cda990e2423bbf4892e6590ba056729) Importer(815301076,1909f56bfc062723c751e8b465ee728b)  -> (artifact id: '5240ead4752fcb5d8a7e42aa28ac13f3') in 0.025739 seconds
  Import took 0.029160 seconds .

========================================================================
Received Import Request.
  Time since last request: 145.567518 seconds.
  path: Assets/Scripts/UIPlayerSelectButton.cs
  artifactKey: Guid(debf89af4e6f4b640bec2ce0bb8c3ec6) Importer(815301076,1909f56bfc062723c751e8b465ee728b)
Start importing Assets/Scripts/UIPlayerSelectButton.cs using Guid(debf89af4e6f4b640bec2ce0bb8c3ec6) Importer(815301076,1909f56bfc062723c751e8b465ee728b)  -> (artifact id: 'b634c16d94cc4657ac1c12ef9c815e72') in 0.012795 seconds
  Import took 0.017658 seconds .

========================================================================
Received Import Request.
  Time since last request: 0.010634 seconds.
  path: Assets/Scripts/ServerController.cs
  artifactKey: Guid(1fdb72b0a86de9d4db03b8c72b8e3fb4) Importer(815301076,1909f56bfc062723c751e8b465ee728b)
Start importing Assets/Scripts/ServerController.cs using Guid(1fdb72b0a86de9d4db03b8c72b8e3fb4) Importer(815301076,1909f56bfc062723c751e8b465ee728b)  -> (artifact id: 'f113e029525ecd3143d15d3df159c3b8') in 0.015281 seconds
  Import took 0.022727 seconds .

========================================================================
Received Import Request.
  Time since last request: 0.000064 seconds.
  path: Assets/Scripts/UIInviteToPartyButton.cs
  artifactKey: Guid(f41aca16c454c174089f0ebfa71b5823) Importer(815301076,1909f56bfc062723c751e8b465ee728b)
Start importing Assets/Scripts/UIInviteToPartyButton.cs using Guid(f41aca16c454c174089f0ebfa71b5823) Importer(815301076,1909f56bfc062723c751e8b465ee728b)  -> (artifact id: '4cb4da33cf50840ea646cf35f442c1a1') in 0.048925 seconds
  Import took 0.053688 seconds .

========================================================================
Received Import Request.
  Time since last request: 0.019098 seconds.
  path: Assets/UIConnectedPlayersMenu.cs
  artifactKey: Guid(0ea1c13a19651a744a1f9dbab4770ae4) Importer(815301076,1909f56bfc062723c751e8b465ee728b)
Start importing Assets/UIConnectedPlayersMenu.cs using Guid(0ea1c13a19651a744a1f9dbab4770ae4) Importer(815301076,1909f56bfc062723c751e8b465ee728b)  -> (artifact id: 'd3ea1c8c7096322d2eac2f51f4f9fc3e') in 0.008683 seconds
  Import took 0.012067 seconds .

========================================================================
Received Import Request.
  Time since last request: 0.238843 seconds.
  path: Assets/Scripts/UI/UIController.cs
  artifactKey: Guid(e33d0f731637e7c41aa2d0230ea53f5d) Importer(815301076,1909f56bfc062723c751e8b465ee728b)
Start importing Assets/Scripts/UI/UIController.cs using Guid(e33d0f731637e7c41aa2d0230ea53f5d) Importer(815301076,1909f56bfc062723c751e8b465ee728b)  -> (artifact id: '4c6a8f5af90f435b10dd073f91724144') in 0.044523 seconds
  Import took 0.050780 seconds .

========================================================================
Received Import Request.
  Time since last request: 0.457693 seconds.
  path: Assets/PlayerController.cs
  artifactKey: Guid(9f3b409ed81e19a44943dca3e069479b) Importer(815301076,1909f56bfc062723c751e8b465ee728b)
Start importing Assets/PlayerController.cs using Guid(9f3b409ed81e19a44943dca3e069479b) Importer(815301076,1909f56bfc062723c751e8b465ee728b)  -> (artifact id: 'e8bf8a0dca52df964ca23c0590478dfd') in 0.014524 seconds
  Import took 0.019905 seconds .

========================================================================
Received Import Request.
  Time since last request: 1.256141 seconds.
  path: Assets/TextMesh Pro/Shaders/TMP_SDF-Mobile.shader
  artifactKey: Guid(fe393ace9b354375a9cb14cdbbc28be4) Importer(815301076,1909f56bfc062723c751e8b465ee728b)
Start importing Assets/TextMesh Pro/Shaders/TMP_SDF-Mobile.shader using Guid(fe393ace9b354375a9cb14cdbbc28be4) Importer(815301076,1909f56bfc062723c751e8b465ee728b)  -> (artifact id: 'c9eaf15227c90099e6f0805ce4dfb82c') in 0.018018 seconds
  Import took 0.026940 seconds .

========================================================================
Received Import Request.
  Time since last request: 0.286373 seconds.
  path: Assets/TextMesh Pro/Resources/Fonts & Materials/LiberationSans SDF - Fallback.asset
  artifactKey: Guid(2e498d1c8094910479dc3e1b768306a4) Importer(815301076,1909f56bfc062723c751e8b465ee728b)
Start importing Assets/TextMesh Pro/Resources/Fonts & Materials/LiberationSans SDF - Fallback.asset using Guid(2e498d1c8094910479dc3e1b768306a4) Importer(815301076,1909f56bfc062723c751e8b465ee728b)  -> (artifact id: '0f5d4783a4e2ee376916fe74944cc6ec') in 1.489647 seconds
  Import took 1.495873 seconds .

========================================================================
Received Import Request.
  Time since last request: 0.013860 seconds.
  path: Assets/Scripts/PopUpControler.cs
  artifactKey: Guid(ac4d1a568e51b8d4591cc77ed265dd6c) Importer(815301076,1909f56bfc062723c751e8b465ee728b)
Start importing Assets/Scripts/PopUpControler.cs using Guid(ac4d1a568e51b8d4591cc77ed265dd6c) Importer(815301076,1909f56bfc062723c751e8b465ee728b)  -> (artifact id: '1f34c35ac181c78d0f2b472c6e61002a') in 0.101421 seconds
  Import took 0.106363 seconds .

========================================================================
Received Import Request.
  Time since last request: 0.000066 seconds.
  path: Assets/Animations/Animators/Player/Idle.anim
  artifactKey: Guid(36e357ae51415334383b198fb075f281) Importer(815301076,1909f56bfc062723c751e8b465ee728b)
Start importing Assets/Animations/Animators/Player/Idle.anim using Guid(36e357ae51415334383b198fb075f281) Importer(815301076,1909f56bfc062723c751e8b465ee728b)  -> (artifact id: '39e738d9a0eae69556d19b2b9eb5c625') in 0.082305 seconds
  Import took 0.087516 seconds .

========================================================================
Received Import Request.
  Time since last request: 0.016720 seconds.
  path: Assets/Scripts/PlayerData.cs
  artifactKey: Guid(e9a4cb0163e097c4f860111cdf15fca1) Importer(815301076,1909f56bfc062723c751e8b465ee728b)
Start importing Assets/Scripts/PlayerData.cs using Guid(e9a4cb0163e097c4f860111cdf15fca1) Importer(815301076,1909f56bfc062723c751e8b465ee728b)  -> (artifact id: '1706078013e69a496f6054e2c326a78b') in 0.009605 seconds
  Import took 0.013429 seconds .

========================================================================
Received Import Request.
  Time since last request: 0.005754 seconds.
  path: Assets/TextMesh Pro/Shaders/TMPro_Properties.cginc
  artifactKey: Guid(3997e2241185407d80309a82f9148466) Importer(815301076,1909f56bfc062723c751e8b465ee728b)
Start importing Assets/TextMesh Pro/Shaders/TMPro_Properties.cginc using Guid(3997e2241185407d80309a82f9148466) Importer(815301076,1909f56bfc062723c751e8b465ee728b)  -> (artifact id: 'cea5a48e351e8cfaa28418d3d2fa30cb') in 0.012556 seconds
  Import took 0.016893 seconds .

========================================================================
Received Import Request.
  Time since last request: 0.021171 seconds.
  path: Assets/Scripts/Map Scripts/WallTypesHelper.cs
  artifactKey: Guid(85eb43cfe5ef16940b792631a2645cdf) Importer(815301076,1909f56bfc062723c751e8b465ee728b)
Start importing Assets/Scripts/Map Scripts/WallTypesHelper.cs using Guid(85eb43cfe5ef16940b792631a2645cdf) Importer(815301076,1909f56bfc062723c751e8b465ee728b)  -> (artifact id: '141452b4bad32e62caecbd91661497b4') in 0.009068 seconds
  Import took 0.012977 seconds .

========================================================================
Received Import Request.
  Time since last request: 0.004992 seconds.
  path: Assets/Animations/Animators/Player/PlayerMovementAnimController.controller
  artifactKey: Guid(2c1882a6819baf84db1bfe4d640caf7a) Importer(815301076,1909f56bfc062723c751e8b465ee728b)
Start importing Assets/Animations/Animators/Player/PlayerMovementAnimController.controller using Guid(2c1882a6819baf84db1bfe4d640caf7a) Importer(815301076,1909f56bfc062723c751e8b465ee728b)  -> (artifact id: 'ac24e4cca15f8783540db1bb74379324') in 0.010404 seconds
  Import took 0.017092 seconds .

========================================================================
Received Import Request.
  Time since last request: 0.084793 seconds.
  path: Assets/UILobbyMenu.cs
  artifactKey: Guid(0a189fb71d9cb8f49aa6ee8c4dc3cc60) Importer(815301076,1909f56bfc062723c751e8b465ee728b)
Start importing Assets/UILobbyMenu.cs using Guid(0a189fb71d9cb8f49aa6ee8c4dc3cc60) Importer(815301076,1909f56bfc062723c751e8b465ee728b)  -> (artifact id: 'd3b8907e3e177f5ca42ff8dc886ebd4f') in 0.010661 seconds
  Import took 0.014660 seconds .

========================================================================
Received Import Request.
  Time since last request: 0.007100 seconds.
  path: Assets/TextMesh Pro/Resources/Fonts & Materials/LiberationSans SDF.asset
  artifactKey: Guid(8f586378b4e144a9851e7b34d9b748ee) Importer(815301076,1909f56bfc062723c751e8b465ee728b)
Start importing Assets/TextMesh Pro/Resources/Fonts & Materials/LiberationSans SDF.asset using Guid(8f586378b4e144a9851e7b34d9b748ee) Importer(815301076,1909f56bfc062723c751e8b465ee728b)  -> (artifact id: '2f5836c2c76a165d4711b8257a7a24ff') in 0.112051 seconds
  Import took 0.116980 seconds .

========================================================================
Received Import Request.
  Time since last request: 0.004734 seconds.
  path: Assets/UIHostCell.cs
  artifactKey: Guid(02bea99b95300ee48a65892f9e9439ec) Importer(815301076,1909f56bfc062723c751e8b465ee728b)
Start importing Assets/UIHostCell.cs using Guid(02bea99b95300ee48a65892f9e9439ec) Importer(815301076,1909f56bfc062723c751e8b465ee728b)  -> (artifact id: 'edd1af288d3e6c0d2f3c2d5dfc505a9a') in 0.012458 seconds
  Import took 0.016787 seconds .

========================================================================
Received Import Request.
  Time since last request: 0.016848 seconds.
  path: Assets/TextMesh Pro/Fonts/LiberationSans.ttf
  artifactKey: Guid(e3265ab4bf004d28a9537516768c1c75) Importer(815301076,1909f56bfc062723c751e8b465ee728b)
Start importing Assets/TextMesh Pro/Fonts/LiberationSans.ttf using Guid(e3265ab4bf004d28a9537516768c1c75) Importer(815301076,1909f56bfc062723c751e8b465ee728b)  -> (artifact id: '3487275bb44bf150933fd66a5eba6bce') in 0.234812 seconds
  Import took 0.241444 seconds .

========================================================================
Received Import Request.
  Time since last request: 0.006668 seconds.
  path: Assets/Scripts/ServerPetitions.cs
  artifactKey: Guid(4c2752bed6cbd3e488c28411040c0ff2) Importer(815301076,1909f56bfc062723c751e8b465ee728b)
Start importing Assets/Scripts/ServerPetitions.cs using Guid(4c2752bed6cbd3e488c28411040c0ff2) Importer(815301076,1909f56bfc062723c751e8b465ee728b)  -> (artifact id: '0b30b82f2d62a2a5d9c78c4f5a7ae9a9') in 0.009269 seconds
  Import took 0.013112 seconds .

